This is pdfTeX, Version 3.14159265-2.6-1.40.18 (TeX Live 2017) (preloaded format=pdflatex 2017.5.23)  21 JUN 2019 09:43
entering extended mode
 restricted \write18 enabled.
 %&-line parsing enabled.
**crop.tex
(./crop.tex
LaTeX2e <2017-04-15>
Babel <3.10> and hyphenation patterns for 84 language(s) loaded.
(/usr/local/texlive/2017/texmf-dist/tex/latex/base/article.cls
Document Class: article 2014/09/29 v1.4h Standard LaTeX document class
(/usr/local/texlive/2017/texmf-dist/tex/latex/base/size10.clo
File: size10.clo 2014/09/29 v1.4h Standard LaTeX file (size option)
)
\c@part=\count79
\c@section=\count80
\c@subsection=\count81
\c@subsubsection=\count82
\c@paragraph=\count83
\c@subparagraph=\count84
\c@figure=\count85
\c@table=\count86
\abovecaptionskip=\skip41
\belowcaptionskip=\skip42
\bibindent=\dimen102
)
(/usr/local/texlive/2017/texmf-dist/tex/latex/geometry/geometry.sty
Package: geometry 2010/09/12 v5.6 Page Geometry

(/usr/local/texlive/2017/texmf-dist/tex/latex/graphics/keyval.sty
Package: keyval 2014/10/28 v1.15 key=value parser (DPC)
\KV@toks@=\toks14
)
(/usr/local/texlive/2017/texmf-dist/tex/generic/oberdiek/ifpdf.sty
Package: ifpdf 2017/03/15 v3.2 Provides the ifpdf switch
)
(/usr/local/texlive/2017/texmf-dist/tex/generic/oberdiek/ifvtex.sty
Package: ifvtex 2016/05/16 v1.6 Detect VTeX and its facilities (HO)
Package ifvtex Info: VTeX not detected.
)
(/usr/local/texlive/2017/texmf-dist/tex/generic/ifxetex/ifxetex.sty
Package: ifxetex 2010/09/12 v0.6 Provides ifxetex conditional
)
\Gm@cnth=\count87
\Gm@cntv=\count88
\c@Gm@tempcnt=\count89
\Gm@bindingoffset=\dimen103
\Gm@wd@mp=\dimen104
\Gm@odd@mp=\dimen105
\Gm@even@mp=\dimen106
\Gm@layoutwidth=\dimen107
\Gm@layoutheight=\dimen108
\Gm@layouthoffset=\dimen109
\Gm@layoutvoffset=\dimen110
\Gm@dimlist=\toks15
)
(/usr/local/texlive/2017/texmf-dist/tex/latex/crop/crop.sty
Package: crop 2003/05/20 v1.9 crop marks (mf)
\stockwidth=\dimen111
\stockheight=\dimen112
\CROP@index=\count90

(/usr/local/texlive/2017/texmf-dist/tex/latex/graphics/color.sty
Package: color 2016/07/10 v1.1e Standard LaTeX Color (DPC)

(/usr/local/texlive/2017/texmf-dist/tex/latex/graphics-cfg/color.cfg
File: color.cfg 2016/01/02 v1.6 sample color configuration
)
Package color Info: Driver file: pdftex.def on input line 147.

(/usr/local/texlive/2017/texmf-dist/tex/latex/graphics-def/pdftex.def
File: pdftex.def 2017/01/12 v0.06k Graphics/color for pdfTeX

(/usr/local/texlive/2017/texmf-dist/tex/generic/oberdiek/infwarerr.sty
Package: infwarerr 2016/05/16 v1.4 Providing info/warning/error messages (HO)
)
(/usr/local/texlive/2017/texmf-dist/tex/generic/oberdiek/ltxcmds.sty
Package: ltxcmds 2016/05/16 v1.23 LaTeX kernel commands for general use (HO)
)
\Gread@gobject=\count91
))
(/usr/local/texlive/2017/texmf-dist/tex/latex/graphics/graphics.sty
Package: graphics 2017/04/14 v1.1b Standard LaTeX Graphics (DPC,SPQR)

(/usr/local/texlive/2017/texmf-dist/tex/latex/graphics/trig.sty
Package: trig 2016/01/03 v1.10 sin cos tan (DPC)
)
(/usr/local/texlive/2017/texmf-dist/tex/latex/graphics-cfg/graphics.cfg
File: graphics.cfg 2016/06/04 v1.11 sample graphics configuration
)
Package graphics Info: Driver file: pdftex.def on input line 99.
)
\CROP@offset=\count92
Package crop Info: Local config file crop.cfg used on input line 605.

(/usr/local/texlive/2017/texmf-dist/tex/xelatex/xetexconfig/crop.cfg))
(/usr/local/texlive/2017/texmf-dist/tex/latex/pdfpages/pdfpages.sty
Package: pdfpages 2017/01/14 v0.5h Insert pages of external PDF documents (AM)

(/usr/local/texlive/2017/texmf-dist/tex/latex/base/ifthen.sty
Package: ifthen 2014/09/29 v1.1c Standard LaTeX ifthen package (DPC)
)
(/usr/local/texlive/2017/texmf-dist/tex/latex/tools/calc.sty
Package: calc 2014/10/28 v4.3 Infix arithmetic (KKT,FJ)
\calc@Acount=\count93
\calc@Bcount=\count94
\calc@Adimen=\dimen113
\calc@Bdimen=\dimen114
\calc@Askip=\skip43
\calc@Bskip=\skip44
LaTeX Info: Redefining \setlength on input line 80.
LaTeX Info: Redefining \addtolength on input line 81.
\calc@Ccount=\count95
\calc@Cskip=\skip45
)
(/usr/local/texlive/2017/texmf-dist/tex/latex/eso-pic/eso-pic.sty
Package: eso-pic 2015/07/21 v2.0g eso-pic (RN)

(/usr/local/texlive/2017/texmf-dist/tex/generic/oberdiek/atbegshi.sty
Package: atbegshi 2016/06/09 v1.18 At begin shipout hook (HO)
Package atbegshi Info: Package `crop' patched.
))
(/usr/local/texlive/2017/texmf-dist/tex/latex/graphics/graphicx.sty
Package: graphicx 2014/10/28 v1.0g Enhanced LaTeX Graphics (DPC,SPQR)
\Gin@req@height=\dimen115
\Gin@req@width=\dimen116
)
\AM@pagewidth=\dimen117
\AM@pageheight=\dimen118

(/usr/local/texlive/2017/texmf-dist/tex/latex/pdfpages/pppdftex.def
File: pppdftex.def 2017/01/14 v0.5h Pdfpages driver for pdfTeX (AM)
)
\AM@pagebox=\box26
\AM@global@opts=\toks16
\AM@toc@title=\toks17
\c@AM@survey=\count96
\AM@templatesizebox=\box27
)
(./crop.aux)
\openout1 = `crop.aux'.

LaTeX Font Info:    Checking defaults for OML/cmm/m/it on input line 11.
LaTeX Font Info:    ... okay on input line 11.
LaTeX Font Info:    Checking defaults for T1/cmr/m/n on input line 11.
LaTeX Font Info:    ... okay on input line 11.
LaTeX Font Info:    Checking defaults for OT1/cmr/m/n on input line 11.
LaTeX Font Info:    ... okay on input line 11.
LaTeX Font Info:    Checking defaults for OMS/cmsy/m/n on input line 11.
LaTeX Font Info:    ... okay on input line 11.
LaTeX Font Info:    Checking defaults for OMX/cmex/m/n on input line 11.
LaTeX Font Info:    ... okay on input line 11.
LaTeX Font Info:    Checking defaults for U/cmr/m/n on input line 11.
LaTeX Font Info:    ... okay on input line 11.

*geometry* driver: auto-detecting
*geometry* detected driver: pdftex
*geometry* verbose mode - [ preamble ] result:
* driver: pdftex
* paper: custom
* layout: <same size as paper>
* layoutoffset:(h,v)=(0.0pt,0.0pt)
* modes: 
* h-part:(L,W,R)=(108.4061pt, 505.88779pt, 108.40611pt)
* v-part:(T,H,B)=(65.04364pt, 379.41583pt, 97.56552pt)
* \paperwidth=722.7pt
* \paperheight=542.025pt
* \textwidth=505.88779pt
* \textheight=379.41583pt
* \oddsidemargin=36.13611pt
* \evensidemargin=36.13611pt
* \topmargin=-44.22635pt
* \headheight=12.0pt
* \headsep=25.0pt
* \topskip=10.0pt
* \footskip=30.0pt
* \marginparwidth=65.0pt
* \marginparsep=11.0pt
* \columnsep=10.0pt
* \skip\footins=9.0pt plus 4.0pt minus 2.0pt
* \hoffset=0.0pt
* \voffset=0.0pt
* \mag=1000
* \@twocolumnfalse
* \@twosidefalse
* \@mparswitchfalse
* \@reversemarginfalse
* (1in=72.27pt=25.4mm, 1cm=28.453pt)

(/usr/local/texlive/2017/texmf-dist/tex/context/base/mkii/supp-pdf.mkii
[Loading MPS to PDF converter (version 2006.09.02).]
\scratchcounter=\count97
\scratchdimen=\dimen119
\scratchbox=\box28
\nofMPsegments=\count98
\nofMParguments=\count99
\everyMPshowfont=\toks18
\MPscratchCnt=\count100
\MPscratchDim=\dimen120
\MPnumerator=\count101
\makeMPintoPDFobject=\count102
\everyMPtoPDFconversion=\toks19
) (/usr/local/texlive/2017/texmf-dist/tex/generic/oberdiek/pdftexcmds.sty
Package: pdftexcmds 2017/03/19 v0.25 Utility functions of pdfTeX for LuaTeX (HO
)

(/usr/local/texlive/2017/texmf-dist/tex/generic/oberdiek/ifluatex.sty
Package: ifluatex 2016/05/16 v1.4 Provides the ifluatex switch (HO)
Package ifluatex Info: LuaTeX not detected.
)
Package pdftexcmds Info: LuaTeX not detected.
Package pdftexcmds Info: \pdf@primitive is available.
Package pdftexcmds Info: \pdf@ifprimitive is available.
Package pdftexcmds Info: \pdfdraftmode found.
)
(/usr/local/texlive/2017/texmf-dist/tex/latex/oberdiek/epstopdf-base.sty
Package: epstopdf-base 2016/05/15 v2.6 Base part for package epstopdf

(/usr/local/texlive/2017/texmf-dist/tex/latex/oberdiek/grfext.sty
Package: grfext 2016/05/16 v1.2 Manage graphics extensions (HO)

(/usr/local/texlive/2017/texmf-dist/tex/generic/oberdiek/kvdefinekeys.sty
Package: kvdefinekeys 2016/05/16 v1.4 Define keys (HO)
))
(/usr/local/texlive/2017/texmf-dist/tex/latex/oberdiek/kvoptions.sty
Package: kvoptions 2016/05/16 v3.12 Key value format for package options (HO)

(/usr/local/texlive/2017/texmf-dist/tex/generic/oberdiek/kvsetkeys.sty
Package: kvsetkeys 2016/05/16 v1.17 Key value parser (HO)

(/usr/local/texlive/2017/texmf-dist/tex/generic/oberdiek/etexcmds.sty
Package: etexcmds 2016/05/16 v1.6 Avoid name clashes with e-TeX commands (HO)
Package etexcmds Info: Could not find \expanded.
(etexcmds)             That can mean that you are not using pdfTeX 1.50 or
(etexcmds)             that some package has redefined \expanded.
(etexcmds)             In the latter case, load this package earlier.
)))
Package epstopdf-base Info: Redefining graphics rule for `.eps' on input line 4
38.
Package grfext Info: Graphics extension search list:
(grfext)             [.png,.pdf,.jpg,.mps,.jpeg,.jbig2,.jb2,.PNG,.PDF,.JPG,.JPE
G,.JBIG2,.JB2,.eps]
(grfext)             \AppendGraphicsExtensions on input line 456.

(/usr/local/texlive/2017/texmf-dist/tex/latex/latexconfig/epstopdf-sys.cfg
File: epstopdf-sys.cfg 2010/07/13 v1.3 Configuration of (r)epstopdf for TeX Liv
e
))
Package crop Info: requested driver: `pdftex' on input line 11.
Package crop Info: detected driver: `pdftex' on input line 11.
Package crop Info: using `pdftex' graphics driver on input line 11.
\AtBeginShipoutBox=\box29

(/usr/local/texlive/2017/texmf-dist/tex/latex/oberdiek/pdflscape.sty
Package: pdflscape 2016/05/14 v0.11 Display of landscape pages in PDF (HO)

(/usr/local/texlive/2017/texmf-dist/tex/latex/graphics/lscape.sty
Package: lscape 2000/10/22 v3.01 Landscape Pages (DPC)
)
Package pdflscape Info: Auto-detected driver: pdftex on input line 81.
)
<main.pdf, id=1, 2890.8pt x 2168.1pt>
File: main.pdf Graphic file (type pdf)
 <use main.pdf>
Package pdftex.def Info: main.pdf used on input line 13.
(pdftex.def)             Requested size: 2890.79298pt x 2168.09474pt.
File: main.pdf Graphic file (type pdf)
 <use main.pdf>
Package pdftex.def Info: main.pdf used on input line 13.
(pdftex.def)             Requested size: 2890.79298pt x 2168.09474pt.

<main.pdf, id=4, page=1, 2890.8pt x 2168.1pt>
File: main.pdf Graphic file (type pdf)
 <use main.pdf, page 1>
Package pdftex.def Info: main.pdf, page1 used on input line 13.
(pdftex.def)             Requested size: 722.69824pt x 542.0237pt.
File: main.pdf Graphic file (type pdf)

<use main.pdf, page 1>
Package pdftex.def Info: main.pdf, page1 used on input line 13.
(pdftex.def)             Requested size: 722.73132pt x 542.04851pt.
File: main.pdf Graphic file (type pdf)
 <use main.pdf, page 1>
Package pdftex.def Info: main.pdf, page1 used on input line 13.
(pdftex.def)             Requested size: 722.73132pt x 542.04851pt.
File: main.pdf Graphic file (type pdf)
 <use main.pdf, page 1>
Package pdftex.def Info: main.pdf, page1 used on input line 13.
(pdftex.def)             Requested size: 722.73132pt x 542.04851pt.
File: main.pdf Graphic file (type pdf)

<use main.pdf, page 1>
Package pdftex.def Info: main.pdf, page1 used on input line 13.
(pdftex.def)             Requested size: 722.73132pt x 542.04851pt.
 [1{/usr/local/texlive/2017/texmf-var/fonts/map/pdftex/updmap/pdftex.map}

 <./main.pdf>]
File: main.pdf Graphic file (type pdf)
 <use main.pdf>
Package pdftex.def Info: main.pdf used on input line 15.
(pdftex.def)             Requested size: 2890.79298pt x 2168.09474pt.
File: main.pdf Graphic file (type pdf)
 <use main.pdf>
Package pdftex.def Info: main.pdf used on input line 15.
(pdftex.def)             Requested size: 2890.79298pt x 2168.09474pt.
File: main.pdf Graphic file (type pdf)

<use main.pdf, page 1>
Package pdftex.def Info: main.pdf, page1 used on input line 15.
(pdftex.def)             Requested size: 722.69826pt x 542.0237pt.
File: main.pdf Graphic file (type pdf)
 <use main.pdf, page 1>
Package pdftex.def Info: main.pdf, page1 used on input line 15.
(pdftex.def)             Requested size: 722.73134pt x 542.04851pt.
File: main.pdf Graphic file (type pdf)
 <use main.pdf, page 1>
Package pdftex.def Info: main.pdf, page1 used on input line 15.
(pdftex.def)             Requested size: 722.73134pt x 542.04851pt.
File: main.pdf Graphic file (type pdf)

<use main.pdf, page 1>
Package pdftex.def Info: main.pdf, page1 used on input line 15.
(pdftex.def)             Requested size: 722.73134pt x 542.04851pt.
File: main.pdf Graphic file (type pdf)
 <use main.pdf, page 1>
Package pdftex.def Info: main.pdf, page1 used on input line 15.
(pdftex.def)             Requested size: 722.73134pt x 542.04851pt.
 [2]
File: main.pdf Graphic file (type pdf)
 <use main.pdf>
Package pdftex.def Info: main.pdf used on input line 17.
(pdftex.def)             Requested size: 2890.79298pt x 2168.09474pt.
File: main.pdf Graphic file (type pdf)

<use main.pdf>
Package pdftex.def Info: main.pdf used on input line 17.
(pdftex.def)             Requested size: 2890.79298pt x 2168.09474pt.
File: main.pdf Graphic file (type pdf)
 <use main.pdf, page 1>
Package pdftex.def Info: main.pdf, page1 used on input line 17.
(pdftex.def)             Requested size: 722.69826pt x 542.0237pt.
File: main.pdf Graphic file (type pdf)
 <use main.pdf, page 1>
Package pdftex.def Info: main.pdf, page1 used on input line 17.
(pdftex.def)             Requested size: 722.73134pt x 542.04851pt.
File: main.pdf Graphic file (type pdf)

<use main.pdf, page 1>
Package pdftex.def Info: main.pdf, page1 used on input line 17.
(pdftex.def)             Requested size: 722.73134pt x 542.04851pt.
File: main.pdf Graphic file (type pdf)
 <use main.pdf, page 1>
Package pdftex.def Info: main.pdf, page1 used on input line 17.
(pdftex.def)             Requested size: 722.73134pt x 542.04851pt.
File: main.pdf Graphic file (type pdf)
 <use main.pdf, page 1>
Package pdftex.def Info: main.pdf, page1 used on input line 17.
(pdftex.def)             Requested size: 722.73134pt x 542.04851pt.
 [3]
File: main.pdf Graphic file (type pdf)

<use main.pdf>
Package pdftex.def Info: main.pdf used on input line 19.
(pdftex.def)             Requested size: 2890.79298pt x 2168.09474pt.
File: main.pdf Graphic file (type pdf)
 <use main.pdf>
Package pdftex.def Info: main.pdf used on input line 19.
(pdftex.def)             Requested size: 2890.79298pt x 2168.09474pt.
File: main.pdf Graphic file (type pdf)
 <use main.pdf, page 1>
Package pdftex.def Info: main.pdf, page1 used on input line 19.
(pdftex.def)             Requested size: 722.69826pt x 542.0237pt.
File: main.pdf Graphic file (type pdf)
 <use main.pdf, page 1>
Package pdftex.def Info: main.pdf, page1 used on input line 19.
(pdftex.def)             Requested size: 722.73134pt x 542.04851pt.
File: main.pdf Graphic file (type pdf)

<use main.pdf, page 1>
Package pdftex.def Info: main.pdf, page1 used on input line 19.
(pdftex.def)             Requested size: 722.73134pt x 542.04851pt.
File: main.pdf Graphic file (type pdf)
 <use main.pdf, page 1>
Package pdftex.def Info: main.pdf, page1 used on input line 19.
(pdftex.def)             Requested size: 722.73134pt x 542.04851pt.
File: main.pdf Graphic file (type pdf)
 <use main.pdf, page 1>
Package pdftex.def Info: main.pdf, page1 used on input line 19.
(pdftex.def)             Requested size: 722.73134pt x 542.04851pt.
 [4]
File: main.pdf Graphic file (type pdf)

<use main.pdf>
Package pdftex.def Info: main.pdf used on input line 23.
(pdftex.def)             Requested size: 2890.79298pt x 2168.09474pt.
File: main.pdf Graphic file (type pdf)
 <use main.pdf>
Package pdftex.def Info: main.pdf used on input line 23.
(pdftex.def)             Requested size: 2890.79298pt x 2168.09474pt.
File: main.pdf Graphic file (type pdf)
 <use main.pdf, page 1>
Package pdftex.def Info: main.pdf, page1 used on input line 23.
(pdftex.def)             Requested size: 722.69824pt x 542.02373pt.
File: main.pdf Graphic file (type pdf)
 <use main.pdf, page 1>
Package pdftex.def Info: main.pdf, page1 used on input line 23.
(pdftex.def)             Requested size: 722.73132pt x 542.04854pt.
File: main.pdf Graphic file (type pdf)

<use main.pdf, page 1>
Package pdftex.def Info: main.pdf, page1 used on input line 23.
(pdftex.def)             Requested size: 722.73132pt x 542.04854pt.
File: main.pdf Graphic file (type pdf)
 <use main.pdf, page 1>
Package pdftex.def Info: main.pdf, page1 used on input line 23.
(pdftex.def)             Requested size: 722.73132pt x 542.04854pt.
File: main.pdf Graphic file (type pdf)
 <use main.pdf, page 1>
Package pdftex.def Info: main.pdf, page1 used on input line 23.
(pdftex.def)             Requested size: 722.73132pt x 542.04854pt.
 [5]
File: main.pdf Graphic file (type pdf)

<use main.pdf>
Package pdftex.def Info: main.pdf used on input line 25.
(pdftex.def)             Requested size: 2890.79298pt x 2168.09474pt.
File: main.pdf Graphic file (type pdf)
 <use main.pdf>
Package pdftex.def Info: main.pdf used on input line 25.
(pdftex.def)             Requested size: 2890.79298pt x 2168.09474pt.
File: main.pdf Graphic file (type pdf)
 <use main.pdf, page 1>
Package pdftex.def Info: main.pdf, page1 used on input line 25.
(pdftex.def)             Requested size: 722.69826pt x 542.02373pt.
File: main.pdf Graphic file (type pdf)
 <use main.pdf, page 1>
Package pdftex.def Info: main.pdf, page1 used on input line 25.
(pdftex.def)             Requested size: 722.73134pt x 542.04854pt.
File: main.pdf Graphic file (type pdf)

<use main.pdf, page 1>
Package pdftex.def Info: main.pdf, page1 used on input line 25.
(pdftex.def)             Requested size: 722.73134pt x 542.04854pt.
File: main.pdf Graphic file (type pdf)
 <use main.pdf, page 1>
Package pdftex.def Info: main.pdf, page1 used on input line 25.
(pdftex.def)             Requested size: 722.73134pt x 542.04854pt.
File: main.pdf Graphic file (type pdf)
 <use main.pdf, page 1>
Package pdftex.def Info: main.pdf, page1 used on input line 25.
(pdftex.def)             Requested size: 722.73134pt x 542.04854pt.
 [6]
File: main.pdf Graphic file (type pdf)

<use main.pdf>
Package pdftex.def Info: main.pdf used on input line 27.
(pdftex.def)             Requested size: 2890.79298pt x 2168.09474pt.
File: main.pdf Graphic file (type pdf)
 <use main.pdf>
Package pdftex.def Info: main.pdf used on input line 27.
(pdftex.def)             Requested size: 2890.79298pt x 2168.09474pt.
File: main.pdf Graphic file (type pdf)
 <use main.pdf, page 1>
Package pdftex.def Info: main.pdf, page1 used on input line 27.
(pdftex.def)             Requested size: 722.69826pt x 542.02373pt.
File: main.pdf Graphic file (type pdf)
 <use main.pdf, page 1>
Package pdftex.def Info: main.pdf, page1 used on input line 27.
(pdftex.def)             Requested size: 722.73134pt x 542.04854pt.
File: main.pdf Graphic file (type pdf)

<use main.pdf, page 1>
Package pdftex.def Info: main.pdf, page1 used on input line 27.
(pdftex.def)             Requested size: 722.73134pt x 542.04854pt.
File: main.pdf Graphic file (type pdf)
 <use main.pdf, page 1>
Package pdftex.def Info: main.pdf, page1 used on input line 27.
(pdftex.def)             Requested size: 722.73134pt x 542.04854pt.
File: main.pdf Graphic file (type pdf)
 <use main.pdf, page 1>
Package pdftex.def Info: main.pdf, page1 used on input line 27.
(pdftex.def)             Requested size: 722.73134pt x 542.04854pt.
 [7]
File: main.pdf Graphic file (type pdf)

<use main.pdf>
Package pdftex.def Info: main.pdf used on input line 29.
(pdftex.def)             Requested size: 2890.79298pt x 2168.09474pt.
File: main.pdf Graphic file (type pdf)
 <use main.pdf>
Package pdftex.def Info: main.pdf used on input line 29.
(pdftex.def)             Requested size: 2890.79298pt x 2168.09474pt.
File: main.pdf Graphic file (type pdf)
 <use main.pdf, page 1>
Package pdftex.def Info: main.pdf, page1 used on input line 29.
(pdftex.def)             Requested size: 722.69826pt x 542.02373pt.
File: main.pdf Graphic file (type pdf)
 <use main.pdf, page 1>
Package pdftex.def Info: main.pdf, page1 used on input line 29.
(pdftex.def)             Requested size: 722.73134pt x 542.04854pt.
File: main.pdf Graphic file (type pdf)

<use main.pdf, page 1>
Package pdftex.def Info: main.pdf, page1 used on input line 29.
(pdftex.def)             Requested size: 722.73134pt x 542.04854pt.
File: main.pdf Graphic file (type pdf)
 <use main.pdf, page 1>
Package pdftex.def Info: main.pdf, page1 used on input line 29.
(pdftex.def)             Requested size: 722.73134pt x 542.04854pt.
File: main.pdf Graphic file (type pdf)
 <use main.pdf, page 1>
Package pdftex.def Info: main.pdf, page1 used on input line 29.
(pdftex.def)             Requested size: 722.73134pt x 542.04854pt.
 [8]
File: main.pdf Graphic file (type pdf)

<use main.pdf>
Package pdftex.def Info: main.pdf used on input line 33.
(pdftex.def)             Requested size: 2890.79298pt x 2168.09474pt.
File: main.pdf Graphic file (type pdf)
 <use main.pdf>
Package pdftex.def Info: main.pdf used on input line 33.
(pdftex.def)             Requested size: 2890.79298pt x 2168.09474pt.
File: main.pdf Graphic file (type pdf)
 <use main.pdf, page 1>
Package pdftex.def Info: main.pdf, page1 used on input line 33.
(pdftex.def)             Requested size: 722.69824pt x 542.02373pt.
File: main.pdf Graphic file (type pdf)
 <use main.pdf, page 1>
Package pdftex.def Info: main.pdf, page1 used on input line 33.
(pdftex.def)             Requested size: 722.73132pt x 542.04854pt.
File: main.pdf Graphic file (type pdf)

<use main.pdf, page 1>
Package pdftex.def Info: main.pdf, page1 used on input line 33.
(pdftex.def)             Requested size: 722.73132pt x 542.04854pt.
File: main.pdf Graphic file (type pdf)
 <use main.pdf, page 1>
Package pdftex.def Info: main.pdf, page1 used on input line 33.
(pdftex.def)             Requested size: 722.73132pt x 542.04854pt.
File: main.pdf Graphic file (type pdf)
 <use main.pdf, page 1>
Package pdftex.def Info: main.pdf, page1 used on input line 33.
(pdftex.def)             Requested size: 722.73132pt x 542.04854pt.
 [9]
File: main.pdf Graphic file (type pdf)

<use main.pdf>
Package pdftex.def Info: main.pdf used on input line 35.
(pdftex.def)             Requested size: 2890.79298pt x 2168.09474pt.
File: main.pdf Graphic file (type pdf)
 <use main.pdf>
Package pdftex.def Info: main.pdf used on input line 35.
(pdftex.def)             Requested size: 2890.79298pt x 2168.09474pt.
File: main.pdf Graphic file (type pdf)
 <use main.pdf, page 1>
Package pdftex.def Info: main.pdf, page1 used on input line 35.
(pdftex.def)             Requested size: 722.69826pt x 542.02373pt.
File: main.pdf Graphic file (type pdf)
 <use main.pdf, page 1>
Package pdftex.def Info: main.pdf, page1 used on input line 35.
(pdftex.def)             Requested size: 722.73134pt x 542.04854pt.
File: main.pdf Graphic file (type pdf)

<use main.pdf, page 1>
Package pdftex.def Info: main.pdf, page1 used on input line 35.
(pdftex.def)             Requested size: 722.73134pt x 542.04854pt.
File: main.pdf Graphic file (type pdf)
 <use main.pdf, page 1>
Package pdftex.def Info: main.pdf, page1 used on input line 35.
(pdftex.def)             Requested size: 722.73134pt x 542.04854pt.
File: main.pdf Graphic file (type pdf)
 <use main.pdf, page 1>
Package pdftex.def Info: main.pdf, page1 used on input line 35.
(pdftex.def)             Requested size: 722.73134pt x 542.04854pt.
 [10]
File: main.pdf Graphic file (type pdf)

<use main.pdf>
Package pdftex.def Info: main.pdf used on input line 37.
(pdftex.def)             Requested size: 2890.79298pt x 2168.09474pt.
File: main.pdf Graphic file (type pdf)
 <use main.pdf>
Package pdftex.def Info: main.pdf used on input line 37.
(pdftex.def)             Requested size: 2890.79298pt x 2168.09474pt.
File: main.pdf Graphic file (type pdf)
 <use main.pdf, page 1>
Package pdftex.def Info: main.pdf, page1 used on input line 37.
(pdftex.def)             Requested size: 722.69826pt x 542.02373pt.
File: main.pdf Graphic file (type pdf)
 <use main.pdf, page 1>
Package pdftex.def Info: main.pdf, page1 used on input line 37.
(pdftex.def)             Requested size: 722.73134pt x 542.04854pt.
File: main.pdf Graphic file (type pdf)

<use main.pdf, page 1>
Package pdftex.def Info: main.pdf, page1 used on input line 37.
(pdftex.def)             Requested size: 722.73134pt x 542.04854pt.
File: main.pdf Graphic file (type pdf)
 <use main.pdf, page 1>
Package pdftex.def Info: main.pdf, page1 used on input line 37.
(pdftex.def)             Requested size: 722.73134pt x 542.04854pt.
File: main.pdf Graphic file (type pdf)
 <use main.pdf, page 1>
Package pdftex.def Info: main.pdf, page1 used on input line 37.
(pdftex.def)             Requested size: 722.73134pt x 542.04854pt.
 [11]
File: main.pdf Graphic file (type pdf)

<use main.pdf>
Package pdftex.def Info: main.pdf used on input line 39.
(pdftex.def)             Requested size: 2890.79298pt x 2168.09474pt.
File: main.pdf Graphic file (type pdf)
 <use main.pdf>
Package pdftex.def Info: main.pdf used on input line 39.
(pdftex.def)             Requested size: 2890.79298pt x 2168.09474pt.
File: main.pdf Graphic file (type pdf)
 <use main.pdf, page 1>
Package pdftex.def Info: main.pdf, page1 used on input line 39.
(pdftex.def)             Requested size: 722.69826pt x 542.02373pt.
File: main.pdf Graphic file (type pdf)
 <use main.pdf, page 1>
Package pdftex.def Info: main.pdf, page1 used on input line 39.
(pdftex.def)             Requested size: 722.73134pt x 542.04854pt.
File: main.pdf Graphic file (type pdf)

<use main.pdf, page 1>
Package pdftex.def Info: main.pdf, page1 used on input line 39.
(pdftex.def)             Requested size: 722.73134pt x 542.04854pt.
File: main.pdf Graphic file (type pdf)
 <use main.pdf, page 1>
Package pdftex.def Info: main.pdf, page1 used on input line 39.
(pdftex.def)             Requested size: 722.73134pt x 542.04854pt.
File: main.pdf Graphic file (type pdf)
 <use main.pdf, page 1>
Package pdftex.def Info: main.pdf, page1 used on input line 39.
(pdftex.def)             Requested size: 722.73134pt x 542.04854pt.
 [12]
File: main.pdf Graphic file (type pdf)

<use main.pdf>
Package pdftex.def Info: main.pdf used on input line 43.
(pdftex.def)             Requested size: 2890.79298pt x 2168.09474pt.
File: main.pdf Graphic file (type pdf)
 <use main.pdf>
Package pdftex.def Info: main.pdf used on input line 43.
(pdftex.def)             Requested size: 2890.79298pt x 2168.09474pt.
File: main.pdf Graphic file (type pdf)
 <use main.pdf, page 1>
Package pdftex.def Info: main.pdf, page1 used on input line 43.
(pdftex.def)             Requested size: 722.69824pt x 542.0237pt.
File: main.pdf Graphic file (type pdf)
 <use main.pdf, page 1>
Package pdftex.def Info: main.pdf, page1 used on input line 43.
(pdftex.def)             Requested size: 722.73132pt x 542.04851pt.
File: main.pdf Graphic file (type pdf)

<use main.pdf, page 1>
Package pdftex.def Info: main.pdf, page1 used on input line 43.
(pdftex.def)             Requested size: 722.73132pt x 542.04851pt.
File: main.pdf Graphic file (type pdf)
 <use main.pdf, page 1>
Package pdftex.def Info: main.pdf, page1 used on input line 43.
(pdftex.def)             Requested size: 722.73132pt x 542.04851pt.
File: main.pdf Graphic file (type pdf)
 <use main.pdf, page 1>
Package pdftex.def Info: main.pdf, page1 used on input line 43.
(pdftex.def)             Requested size: 722.73132pt x 542.04851pt.
 [13]
File: main.pdf Graphic file (type pdf)

<use main.pdf>
Package pdftex.def Info: main.pdf used on input line 45.
(pdftex.def)             Requested size: 2890.79298pt x 2168.09474pt.
File: main.pdf Graphic file (type pdf)
 <use main.pdf>
Package pdftex.def Info: main.pdf used on input line 45.
(pdftex.def)             Requested size: 2890.79298pt x 2168.09474pt.
File: main.pdf Graphic file (type pdf)
 <use main.pdf, page 1>
Package pdftex.def Info: main.pdf, page1 used on input line 45.
(pdftex.def)             Requested size: 722.69826pt x 542.0237pt.
File: main.pdf Graphic file (type pdf)
 <use main.pdf, page 1>
Package pdftex.def Info: main.pdf, page1 used on input line 45.
(pdftex.def)             Requested size: 722.73134pt x 542.04851pt.
File: main.pdf Graphic file (type pdf)

<use main.pdf, page 1>
Package pdftex.def Info: main.pdf, page1 used on input line 45.
(pdftex.def)             Requested size: 722.73134pt x 542.04851pt.
File: main.pdf Graphic file (type pdf)
 <use main.pdf, page 1>
Package pdftex.def Info: main.pdf, page1 used on input line 45.
(pdftex.def)             Requested size: 722.73134pt x 542.04851pt.
File: main.pdf Graphic file (type pdf)
 <use main.pdf, page 1>
Package pdftex.def Info: main.pdf, page1 used on input line 45.
(pdftex.def)             Requested size: 722.73134pt x 542.04851pt.
 [14]
File: main.pdf Graphic file (type pdf)

<use main.pdf>
Package pdftex.def Info: main.pdf used on input line 47.
(pdftex.def)             Requested size: 2890.79298pt x 2168.09474pt.
File: main.pdf Graphic file (type pdf)
 <use main.pdf>
Package pdftex.def Info: main.pdf used on input line 47.
(pdftex.def)             Requested size: 2890.79298pt x 2168.09474pt.
File: main.pdf Graphic file (type pdf)
 <use main.pdf, page 1>
Package pdftex.def Info: main.pdf, page1 used on input line 47.
(pdftex.def)             Requested size: 722.69826pt x 542.0237pt.
File: main.pdf Graphic file (type pdf)
 <use main.pdf, page 1>
Package pdftex.def Info: main.pdf, page1 used on input line 47.
(pdftex.def)             Requested size: 722.73134pt x 542.04851pt.
File: main.pdf Graphic file (type pdf)

<use main.pdf, page 1>
Package pdftex.def Info: main.pdf, page1 used on input line 47.
(pdftex.def)             Requested size: 722.73134pt x 542.04851pt.
File: main.pdf Graphic file (type pdf)
 <use main.pdf, page 1>
Package pdftex.def Info: main.pdf, page1 used on input line 47.
(pdftex.def)             Requested size: 722.73134pt x 542.04851pt.
File: main.pdf Graphic file (type pdf)
 <use main.pdf, page 1>
Package pdftex.def Info: main.pdf, page1 used on input line 47.
(pdftex.def)             Requested size: 722.73134pt x 542.04851pt.
 [15]
File: main.pdf Graphic file (type pdf)

<use main.pdf>
Package pdftex.def Info: main.pdf used on input line 49.
(pdftex.def)             Requested size: 2890.79298pt x 2168.09474pt.
File: main.pdf Graphic file (type pdf)
 <use main.pdf>
Package pdftex.def Info: main.pdf used on input line 49.
(pdftex.def)             Requested size: 2890.79298pt x 2168.09474pt.
File: main.pdf Graphic file (type pdf)
 <use main.pdf, page 1>
Package pdftex.def Info: main.pdf, page1 used on input line 49.
(pdftex.def)             Requested size: 722.69826pt x 542.0237pt.
File: main.pdf Graphic file (type pdf)
 <use main.pdf, page 1>
Package pdftex.def Info: main.pdf, page1 used on input line 49.
(pdftex.def)             Requested size: 722.73134pt x 542.04851pt.
File: main.pdf Graphic file (type pdf)

<use main.pdf, page 1>
Package pdftex.def Info: main.pdf, page1 used on input line 49.
(pdftex.def)             Requested size: 722.73134pt x 542.04851pt.
File: main.pdf Graphic file (type pdf)
 <use main.pdf, page 1>
Package pdftex.def Info: main.pdf, page1 used on input line 49.
(pdftex.def)             Requested size: 722.73134pt x 542.04851pt.
File: main.pdf Graphic file (type pdf)
 <use main.pdf, page 1>
Package pdftex.def Info: main.pdf, page1 used on input line 49.
(pdftex.def)             Requested size: 722.73134pt x 542.04851pt.
 [16]
(./crop.aux) ) 
Here is how much of TeX's memory you used:
 2948 strings out of 492995
 44163 string characters out of 6132704
 115617 words of memory out of 5000000
 6470 multiletter control sequences out of 15000+600000
 3640 words of font info for 14 fonts, out of 8000000 for 9000
 1141 hyphenation exceptions out of 8191
 39i,19n,43p,230b,434s stack positions out of 5000i,500n,10000p,200000b,80000s
</usr/local/texlive/2017/texmf-dist/fonts/type1/public/amsfonts/c
m/cmex10.pfb></usr/local/texlive/2017/texmf-dist/fonts/type1/public/amsfonts/cm
/cmr10.pfb></usr/local/texlive/2017/texmf-dist/fonts/type1/public/hfbright/hfbr
10.pfb></usr/local/texlive/2017/texmf-dist/fonts/type1/public/hfbright/hfbr17.p
fb></usr/local/texlive/2017/texmf-dist/fonts/type1/public/hfbright/hfbras10.pfb
></usr/local/texlive/2017/texmf-dist/fonts/type1/public/hfbright/hfbrmb10.pfb><
/usr/local/texlive/2017/texmf-dist/fonts/type1/public/hfbright/hfbrmi10.pfb></u
sr/local/texlive/2017/texmf-dist/fonts/type1/public/hfbright/hfbrsy10.pfb></usr
/local/texlive/2017/texmf-dist/fonts/type1/public/amsfonts/latxfont/lcircle1.pf
b></usr/local/texlive/2017/texmf-dist/fonts/type1/public/cm-super/sfbbx10.pfb><
/usr/local/texlive/2017/texmf-dist/fonts/type1/public/cm-super/sfbmo17.pfb></us
r/local/texlive/2017/texmf-dist/fonts/type1/public/cm-super/sfbmr17.pfb>
Output written on crop.pdf (16 pages, 416543 bytes).
PDF statistics:
 267 PDF objects out of 1000 (max. 8388607)
 115 compressed objects within 2 object streams
 0 named destinations out of 1000 (max. 500000)
 651 words of extra memory for PDF output out of 10000 (max. 10000000)

